<?xml version="1.0" encoding="UTF-8"?>
<testng-results skipped="0" failed="0" total="2" passed="2">
  <reporter-output>
  </reporter-output>
  <suite name="Suite" duration-ms="12766" started-at="2021-01-06T09:39:30Z" finished-at="2021-01-06T09:39:43Z">
    <groups>
    </groups>
    <test name="test_firefox" duration-ms="5749" started-at="2021-01-06T09:39:30Z" finished-at="2021-01-06T09:39:36Z">
      <class name="demo.Para">
        <test-method status="PASS" signature="para_exec(java.lang.String)[pri:0, instance:demo.Para@326de728]" name="para_exec" duration-ms="5734" started-at="2021-01-06T15:09:30Z" finished-at="2021-01-06T15:09:36Z">
          <params>
            <param index="0">
              <value>
                <![CDATA[firefox]]>
              </value>
            </param>
          </params>
          <reporter-output>
          </reporter-output>
        </test-method> <!-- para_exec -->
      </class> <!-- demo.Para -->
    </test> <!-- test_firefox -->
    <test name="test_chrome" duration-ms="12766" started-at="2021-01-06T09:39:30Z" finished-at="2021-01-06T09:39:43Z">
      <class name="demo.Para">
        <test-method status="PASS" signature="para_exec(java.lang.String)[pri:0, instance:demo.Para@7907ec20]" name="para_exec" duration-ms="12752" started-at="2021-01-06T15:09:30Z" finished-at="2021-01-06T15:09:43Z">
          <params>
            <param index="0">
              <value>
                <![CDATA[chrome]]>
              </value>
            </param>
          </params>
          <reporter-output>
          </reporter-output>
        </test-method> <!-- para_exec -->
      </class> <!-- demo.Para -->
    </test> <!-- test_chrome -->
  </suite> <!-- Suite -->
</testng-results>
